2023-09-28T21:54:17.776+05:30  INFO 24936 --- [main] c.s.S.SpringBootServiceApplication       : Starting SpringBootServiceApplication using Java 21 with PID 24936 (C:\Users\shubh\git\SpringBootService\SpringBootService\target\classes started by shubh in C:\Users\shubh\git\SpringBootService\SpringBootService)
2023-09-28T21:54:17.780+05:30  INFO 24936 --- [main] c.s.S.SpringBootServiceApplication       : No active profile set, falling back to 1 default profile: "default"
2023-09-28T21:54:18.901+05:30  INFO 24936 --- [main] .s.d.r.c.RepositoryConfigurationDelegate : Bootstrapping Spring Data JPA repositories in DEFAULT mode.
2023-09-28T21:54:18.993+05:30  INFO 24936 --- [main] .s.d.r.c.RepositoryConfigurationDelegate : Finished Spring Data repository scanning in 79 ms. Found 1 JPA repository interfaces.
2023-09-28T21:54:19.788+05:30  INFO 24936 --- [main] o.s.b.w.embedded.tomcat.TomcatWebServer  : Tomcat initialized with port(s): 9090 (http)
2023-09-28T21:54:19.801+05:30  INFO 24936 --- [main] o.apache.catalina.core.StandardService   : Starting service [Tomcat]
2023-09-28T21:54:19.802+05:30  INFO 24936 --- [main] o.apache.catalina.core.StandardEngine    : Starting Servlet engine: [Apache Tomcat/10.1.12]
2023-09-28T21:54:19.941+05:30  INFO 24936 --- [main] o.a.c.c.C.[Tomcat].[localhost].[/]       : Initializing Spring embedded WebApplicationContext
2023-09-28T21:54:19.942+05:30  INFO 24936 --- [main] w.s.c.ServletWebServerApplicationContext : Root WebApplicationContext: initialization completed in 2091 ms
2023-09-28T21:54:20.187+05:30  INFO 24936 --- [main] o.hibernate.jpa.internal.util.LogHelper  : HHH000204: Processing PersistenceUnitInfo [name: default]
2023-09-28T21:54:20.294+05:30  INFO 24936 --- [main] org.hibernate.Version                    : HHH000412: Hibernate ORM core version 6.2.7.Final
2023-09-28T21:54:20.297+05:30  INFO 24936 --- [main] org.hibernate.cfg.Environment            : HHH000406: Using bytecode reflection optimizer
2023-09-28T21:54:20.595+05:30  INFO 24936 --- [main] o.h.b.i.BytecodeProviderInitiator        : HHH000021: Bytecode provider name : bytebuddy
2023-09-28T21:54:20.868+05:30  INFO 24936 --- [main] o.s.o.j.p.SpringPersistenceUnitInfo      : No LoadTimeWeaver setup: ignoring JPA class transformer
2023-09-28T21:54:20.899+05:30  INFO 24936 --- [main] com.zaxxer.hikari.HikariDataSource       : HikariPool-1 - Starting...
2023-09-28T21:54:20.905+05:30  WARN 24936 --- [main] c.zaxxer.hikari.util.DriverDataSource    : Registered driver with driverClassName=com.mysql.jdbc.Driver was not found, trying direct instantiation.
2023-09-28T21:54:21.511+05:30  INFO 24936 --- [main] com.zaxxer.hikari.pool.HikariPool        : HikariPool-1 - Added connection com.mysql.cj.jdbc.ConnectionImpl@21f50d2c
2023-09-28T21:54:21.516+05:30  INFO 24936 --- [main] com.zaxxer.hikari.HikariDataSource       : HikariPool-1 - Start completed.
2023-09-28T21:54:21.617+05:30  WARN 24936 --- [main] org.hibernate.orm.deprecation            : HHH90000026: MySQL8Dialect has been deprecated; use org.hibernate.dialect.MySQLDialect instead
2023-09-28T21:54:21.956+05:30  INFO 24936 --- [main] o.h.b.i.BytecodeProviderInitiator        : HHH000021: Bytecode provider name : bytebuddy
2023-09-28T21:54:22.978+05:30  INFO 24936 --- [main] o.h.e.t.j.p.i.JtaPlatformInitiator       : HHH000490: Using JtaPlatform implementation: [org.hibernate.engine.transaction.jta.platform.internal.NoJtaPlatform]
2023-09-28T21:54:23.068+05:30  INFO 24936 --- [main] j.LocalContainerEntityManagerFactoryBean : Initialized JPA EntityManagerFactory for persistence unit 'default'
2023-09-28T21:54:23.546+05:30  WARN 24936 --- [main] JpaBaseConfiguration$JpaWebConfiguration : spring.jpa.open-in-view is enabled by default. Therefore, database queries may be performed during view rendering. Explicitly configure spring.jpa.open-in-view to disable this warning
2023-09-28T21:54:24.072+05:30  WARN 24936 --- [main] .s.s.UserDetailsServiceAutoConfiguration : 

Using generated security password: ba9ca4b7-4ecb-4a77-ae37-3f8683f5d51d

This generated password is for development use only. Your security configuration must be updated before running your application in production.

2023-09-28T21:54:24.266+05:30  INFO 24936 --- [main] o.s.s.web.DefaultSecurityFilterChain     : Will secure any request with [org.springframework.security.web.session.DisableEncodeUrlFilter@659e003e, org.springframework.security.web.context.request.async.WebAsyncManagerIntegrationFilter@5f3c866c, org.springframework.security.web.context.SecurityContextHolderFilter@6ba02f70, org.springframework.security.web.header.HeaderWriterFilter@397f925e, org.springframework.security.web.csrf.CsrfFilter@3eb8057c, org.springframework.security.web.authentication.logout.LogoutFilter@2389f546, org.springframework.security.web.authentication.UsernamePasswordAuthenticationFilter@260ccf0, org.springframework.security.web.authentication.ui.DefaultLoginPageGeneratingFilter@7a023e34, org.springframework.security.web.authentication.ui.DefaultLogoutPageGeneratingFilter@16e0afab, org.springframework.security.web.authentication.www.BasicAuthenticationFilter@66cb9a63, org.springframework.security.web.savedrequest.RequestCacheAwareFilter@2148849f, org.springframework.security.web.servletapi.SecurityContextHolderAwareRequestFilter@6dc5e857, org.springframework.security.web.authentication.AnonymousAuthenticationFilter@7b9b6a56, org.springframework.security.web.access.ExceptionTranslationFilter@b1f36e5, org.springframework.security.web.access.intercept.AuthorizationFilter@f5b4ca6]
2023-09-28T21:54:24.368+05:30  INFO 24936 --- [main] o.s.b.w.embedded.tomcat.TomcatWebServer  : Tomcat started on port(s): 9090 (http) with context path ''
2023-09-28T21:54:24.379+05:30  INFO 24936 --- [main] c.s.S.SpringBootServiceApplication       : Started SpringBootServiceApplication in 7.216 seconds (process running for 8.205)
2023-09-28T21:54:49.120+05:30  INFO 24936 --- [http-nio-9090-exec-1] o.a.c.c.C.[Tomcat].[localhost].[/]       : Initializing Spring DispatcherServlet 'dispatcherServlet'
2023-09-28T21:54:49.121+05:30  INFO 24936 --- [http-nio-9090-exec-1] o.s.web.servlet.DispatcherServlet        : Initializing Servlet 'dispatcherServlet'
2023-09-28T21:54:49.125+05:30  INFO 24936 --- [http-nio-9090-exec-1] o.s.web.servlet.DispatcherServlet        : Completed initialization in 4 ms
